<?xml version="1.0" encoding="UTF-8"?>
<!-- Generated by org.testng.reporters.JUnitReportReporter -->
<testsuite hostname="MacBookPro.fritz.box" failures="0" tests="1" name="testCases.Testcase2" time="16.314" errors="0" timestamp="2024-12-04T15:05:03 CET" skipped="0">
  <testcase classname="testCases.Testcase2" name="verify" time="16.314"/>
  <system-out>
    <![CDATA[Test successful]]>
  </system-out>
</testsuite> <!-- testCases.Testcase2 -->
