<?xml version="1.0" encoding="UTF-8"?>
<!-- Generated by org.testng.reporters.JUnitReportReporter -->
<testsuite hostname="MacBookPro.fritz.box" failures="0" tests="1" name="testCases.Testcase5" time="30.585" errors="0" timestamp="2024-11-23T09:17:36 CET" skipped="0">
  <testcase classname="testCases.Testcase5" name="payments" time="30.585"/>
  <system-out>
    <![CDATA[Test successful]]>
  </system-out>
</testsuite> <!-- testCases.Testcase5 -->
