<?xml version="1.0" encoding="UTF-8"?>
<!-- Generated by org.testng.reporters.JUnitReportReporter -->
<testsuite hostname="MacBookPro.fritz.box" failures="0" tests="1" name="testCases.Testcase8" time="41.154" errors="0" timestamp="2024-12-04T15:05:03 CET" skipped="0">
  <testcase classname="testCases.Testcase8" name="validate_payment" time="41.154"/>
  <system-out>
    <![CDATA[Test successful]]>
  </system-out>
</testsuite> <!-- testCases.Testcase8 -->
